#
# A fatal error has been detected by the Java Runtime Environment:
#
#  SIGSEGV (0xb) at pc=0x00007f6974364506, pid=63767, tid=0x00007f694f9f9700
#
# JRE version: OpenJDK Runtime Environment (8.0_242-b08) (build 1.8.0_242-b08)
# Java VM: OpenJDK 64-Bit Server VM (25.242-b08 mixed mode linux-amd64 compressed oops)
# Problematic frame:
# C  [libc.so.6+0x3e506]  __run_exit_handlers+0xc6
#
# Core dump written. Default location: /home/alu/Desktop/FilmGuideApplication/core or core.63767
#
# If you would like to submit a bug report, please visit:
#   http://bugreport.java.com/bugreport/crash.jsp
#

---------------  T H R E A D  ---------------

Current thread (0x00007f696c080000):  VMThread [stack: 0x00007f694f8fa000,0x00007f694f9fa000] [id=63796]

siginfo: si_signo: 11 (SIGSEGV), si_code: 128 (SI_KERNEL), si_addr: 0x0000000000000000

Registers:
RAX=0x00106c87750331f0, RBX=0x00007f69744e5578, RCX=0x00007f69744201cb, RDX=0x0000000000000001
RSP=0x00007f694f9f8b30, RBP=0x0000000000000081, RSI=0x0000000000000000, RDI=0x00007f6947d2f2c0
R8 =0x0000000000000000, R9 =0x00007f68f407da0f, R10=0x0000000000000000, R11=0x0000000000000206
R12=0x0000000000000000, R13=0x00000000000000df, R14=0x00007f69744eae28, R15=0x00007f68f407f010
RIP=0x00007f6974364506, EFLAGS=0x0000000000010206, CSGSFS=0x002b000000000033, ERR=0x0000000000000000
  TRAPNO=0x000000000000000d

Top of Stack: (sp=0x00007f694f9f8b30)
0x00007f694f9f8b30:   00007f696c000b60 00000001c2935700
0x00007f694f9f8b40:   00007f694f9f8b80 00007f696c07f450
0x00007f694f9f8b50:   00007f694f9f8ba0 0000000000000081
0x00007f694f9f8b60:   00007f68c2935700 00007f696c02e388
0x00007f694f9f8b70:   00000000000003d8 00007f69743646ee
0x00007f694f9f8b80:   00007f694f9f8ba0 00007f6973c0e191
0x00007f694f9f8b90:   0000000000000001 00007f696c02dfa0
0x00007f694f9f8ba0:   00007f694f9f8bf0 00007f69740248f8
0x00007f694f9f8bb0:   00007f69742c18d0 00007f696c02dfb0
0x00007f694f9f8bc0:   0000000000002275 00007f696c07f450
0x00007f694f9f8bd0:   0000000000000000 00007f697408cb72
0x00007f694f9f8be0:   00007f68c2935700 00007f694f9f8cc0
0x00007f694f9f8bf0:   00007f694f9f8ca0 00007f69740223b9
0x00007f694f9f8c00:   00007f695d005310 00007f696c014c00
0x00007f694f9f8c10:   00000000000003d8 00007f694f9f8c40
0x00007f694f9f8c20:   00007f69742bc30c 00007f696c02e388
0x00007f694f9f8c30:   00007f696c02dfb0 00007f696c02dfa0
0x00007f694f9f8c40:   0000000000000000 0000001b119514f2
0x00007f694f9f8c50:   00007f696c007c01 00007f696c081100
0x00007f694f9f8c60:   0000000000000000 00007f697428e249
0x00007f694f9f8c70:   00007f69742bc008 0000000000000000
0x00007f694f9f8c80:   00007f69742c18d0 00007f68c2935700
0x00007f694f9f8c90:   00007f694f9f8d00 00007f694f9f8cc0
0x00007f694f9f8ca0:   00007f694f9f8e40 00007f69740235b5
0x00007f694f9f8cb0:   00007f696c007d20 00007f68c2935700
0x00007f694f9f8cc0:   00007f696c080000 00007f696c0804d0
0x00007f694f9f8cd0:   00007f696c080510 00007f696c080520
0x00007f694f9f8ce0:   00007f696c0805f8 00000000000000d8
0x00007f694f9f8cf0:   00007f696c080700 0000005b0000006e
0x00007f694f9f8d00:   00007f694f9f8d08 6e69747563657845
0x00007f694f9f8d10:   65706f204d562067 203a6e6f69746172
0x00007f694f9f8d20:   696d690074697845 00656e6f6420657a 

Instructions: (pc=0x00007f6974364506)
0x00007f69743644e6:   4f 08 64 8b 04 25 18 00 00 00 85 c0 0f 85 a8 00
0x00007f69743644f6:   00 00 41 83 2e 01 4c 89 c8 48 c1 e0 05 4c 01 f8
0x00007f6974364506:   48 8b 50 10 48 83 fa 03 74 30 48 83 fa 04 75 8a
0x00007f6974364516:   48 8b 50 18 48 8b 78 20 48 c7 40 10 00 00 00 00 

Register to memory mapping:

RAX=0x00106c87750331f0 is an unknown value
RBX=